SF:Z0Z_tools\Z0Z_io.py
DA:1,1
DA:2,1
DA:3,1
DA:5,1
DA:20,1
DA:22,1
DA:23,1
DA:26,1
DA:27,1
DA:29,1
DA:39,1
DA:40,1
DA:43,1
DA:44,0
DA:47,1
DA:48,1
DA:51,1
DA:52,1
DA:55,1
DA:56,1
DA:57,1
DA:58,1
DA:59,1
DA:62,1
DA:63,1
DA:66,1
DA:67,1
DA:69,1
LF:28
LH:27
FN:5,27,dataTabularTOpathFilenameDelimited
FNDA:1,dataTabularTOpathFilenameDelimited
FN:29,69,findRelativePath
FNDA:1,findRelativePath
FNF:2
FNH:2
BRDA:22,0,jump to line 23,1
BRDA:22,0,jump to line 26,1
BRDA:26,0,jump to line 27,1
BRDA:26,0,jump to the function exit,1
BRDA:43,0,jump to line 44,0
BRDA:43,0,jump to line 47,1
BRDA:56,0,jump to line 57,1
BRDA:56,0,jump to line 62,1
BRDA:57,0,jump to line 58,1
BRDA:57,0,jump to line 59,1
BRDA:66,0,jump to line 67,1
BRDA:66,0,jump to line 69,1
BRF:12
BRH:11
end_of_record
SF:Z0Z_tools\dataStructures.py
DA:1,1
DA:3,1
DA:12,1
DA:14,1
DA:15,1
DA:16,1
DA:17,1
DA:18,1
DA:19,1
DA:20,1
DA:21,1
DA:22,1
DA:23,1
DA:24,1
DA:25,1
DA:26,1
DA:27,1
DA:28,1
DA:30,1
DA:31,1
DA:32,1
DA:33,0
DA:35,0
DA:37,1
DA:38,1
DA:39,1
DA:40,1
DA:41,1
DA:42,1
DA:44,1
DA:64,1
DA:66,1
DA:67,1
DA:68,1
DA:69,1
DA:70,1
DA:71,1
DA:72,1
DA:73,1
DA:74,1
DA:76,1
DA:78,1
DA:79,1
DA:80,1
DA:81,1
DA:82,1
DA:83,1
DA:85,1
LF:48
LH:46
FN:3,42,stringItUp
FNDA:1,stringItUp
FN:14,36,stringItUp.drill
FNDA:1,stringItUp.drill
FN:44,85,updateExtendPolishDictionaryLists
FNDA:1,updateExtendPolishDictionaryLists
FNF:3
FNH:3
BRDA:15,0,jump to line 16,1
BRDA:15,0,jump to line 17,1
BRDA:17,0,jump to line 18,1
BRDA:17,0,jump to line 19,1
BRDA:19,0,jump to line 20,1
BRDA:19,0,jump to line 23,1
BRDA:20,0,jump to line 21,1
BRDA:20,0,return from function 'drill',1
BRDA:23,0,jump to line 24,1
BRDA:23,0,jump to line 26,1
BRDA:24,0,jump to line 25,1
BRDA:24,0,return from function 'drill',1
BRDA:26,0,jump to line 27,1
BRDA:26,0,jump to line 30,1
BRDA:27,0,jump to line 28,1
BRDA:27,0,return from function 'drill',1
BRDA:38,0,jump to line 39,1
BRDA:38,0,jump to line 42,1
BRDA:66,0,jump to line 67,1
BRDA:66,0,jump to line 78,1
BRDA:67,0,jump to line 66,1
BRDA:67,0,jump to line 68,1
BRDA:73,0,jump to line 74,1
BRDA:73,0,jump to line 76,1
BRDA:78,0,jump to line 79,1
BRDA:78,0,jump to line 81,1
BRDA:79,0,jump to line 80,1
BRDA:79,0,jump to line 81,1
BRDA:81,0,jump to line 82,1
BRDA:81,0,jump to line 85,1
BRDA:82,0,jump to line 83,1
BRDA:82,0,jump to line 85,1
BRF:32
BRH:32
end_of_record
SF:Z0Z_tools\ioAudio.py
DA:1,1
DA:2,1
DA:3,1
DA:4,1
DA:6,1
DA:7,1
DA:8,1
DA:9,1
DA:12,1
DA:21,1
DA:22,1
DA:23,1
DA:24,1
DA:26,1
DA:27,1
DA:28,1
DA:29,1
DA:31,1
DA:32,1
DA:33,1
DA:34,1
DA:35,1
DA:36,1
DA:37,1
DA:38,1
DA:39,1
DA:40,1
DA:41,0
DA:42,0
DA:43,0
DA:45,0
DA:47,1
DA:48,1
DA:50,1
DA:51,1
DA:52,1
DA:53,1
DA:56,1
DA:58,1
DA:59,1
DA:60,1
DA:61,1
DA:63,1
DA:64,1
DA:66,1
DA:67,1
DA:69,1
DA:71,1
DA:82,1
DA:83,1
DA:84,1
DA:85,1
DA:86,1
DA:88,1
DA:89,1
DA:90,1
DA:91,1
DA:92,1
DA:93,1
DA:95,1
DA:97,1
DA:109,1
DA:110,1
DA:111,1
DA:113,1
DA:115,1
DA:132,1
DA:133,1
DA:134,1
DA:135,0
DA:137,1
LF:71
LH:66
FN:12,69,loadWaveforms
FNDA:1,loadWaveforms
FN:71,95,readAudioFile
FNDA:1,readAudioFile
FN:97,113,resampleWaveform
FNDA:1,resampleWaveform
FN:115,137,writeWav
FNDA:1,writeWav
FNF:4
FNH:4
BRDA:33,0,jump to line 34,1
BRDA:33,0,jump to line 47,1
BRDA:38,0,jump to line 39,1
BRDA:38,0,jump to line 40,1
BRDA:42,0,jump to line 43,-
BRDA:42,0,jump to line 45,-
BRDA:50,0,jump to line 51,1
BRDA:50,0,jump to line 53,1
BRDA:58,0,jump to line 59,1
BRDA:58,0,jump to line 69,1
BRDA:63,0,jump to line 64,1
BRDA:63,0,jump to line 66,1
BRDA:88,0,jump to line 89,1
BRDA:88,0,jump to line 90,1
BRDA:92,0,jump to line 93,1
BRDA:92,0,jump to line 95,1
BRDA:109,0,jump to line 110,1
BRDA:109,0,jump to line 113,1
BRDA:132,0,jump to line 133,1
BRDA:132,0,jump to line 137,1
BRF:20
BRH:18
end_of_record
SF:Z0Z_tools\parseParameters.py
DA:1,1
DA:2,1
DA:4,1
DA:18,1
DA:19,1
DA:21,1
DA:22,1
DA:24,1
DA:25,1
DA:27,1
DA:28,1
DA:29,1
DA:30,1
DA:31,1
DA:32,1
DA:33,1
DA:34,1
DA:35,1
DA:36,1
DA:38,1
DA:40,1
DA:50,1
DA:51,1
DA:52,1
DA:53,1
DA:54,1
DA:55,1
DA:56,1
DA:58,1
LF:29
LH:29
FN:4,38,defineConcurrencyLimit
FNDA:1,defineConcurrencyLimit
FN:40,58,oopsieKwargsie
FNDA:1,oopsieKwargsie
FNF:2
FNH:2
BRDA:21,0,jump to line 22,1
BRDA:21,0,jump to line 24,1
BRDA:27,0,jump to line 28,1
BRDA:27,0,jump to line 29,1
BRDA:29,0,jump to line 30,1
BRDA:29,0,jump to line 31,1
BRDA:31,0,jump to line 32,1
BRDA:31,0,jump to line 33,1
BRDA:33,0,jump to line 34,1
BRDA:33,0,jump to line 35,1
BRDA:35,0,jump to line 36,1
BRDA:35,0,jump to line 38,0
BRDA:51,0,jump to line 52,1
BRDA:51,0,jump to line 53,1
BRDA:53,0,jump to line 54,1
BRDA:53,0,jump to line 55,1
BRDA:55,0,jump to line 56,1
BRDA:55,0,jump to line 58,1
BRF:18
BRH:17
end_of_record
SF:Z0Z_tools\pipAnything.py
DA:13,1
DA:14,1
DA:15,1
DA:16,1
DA:17,1
DA:18,1
DA:19,1
DA:20,1
DA:22,1
DA:37,1
DA:39,1
DA:40,1
DA:41,1
DA:42,1
DA:43,1
DA:44,1
DA:47,1
DA:48,1
DA:51,1
DA:52,1
DA:53,1
DA:54,1
DA:57,1
DA:59,1
DA:61,1
DA:72,1
DA:86,1
DA:93,1
DA:94,1
DA:96,1
DA:97,1
DA:98,1
DA:100,1
DA:101,1
DA:104,1
DA:105,1
DA:106,1
DA:107,1
DA:108,1
DA:110,1
DA:111,1
DA:114,1
DA:121,1
DA:122,1
DA:123,1
DA:125,1
DA:128,1
DA:130,1
DA:133,1
DA:134,1
DA:135,1
DA:136,1
DA:137,1
DA:138,1
DA:143,1
DA:145,1
DA:146,1
DA:148,1
DA:150,1
DA:152,1
DA:154,1
DA:156,1
DA:157,0
LF:63
LH:62
FN:22,59,makeListRequirementsFromRequirementsFile
FNDA:1,makeListRequirementsFromRequirementsFile
FN:61,84,make_setupDOTpy
FNDA:1,make_setupDOTpy
FN:86,128,installPackageTarget
FNDA:1,installPackageTarget
FN:130,146,everyone_knows_what___main___is
FNDA:1,everyone_knows_what___main___is
FN:148,150,readability_counts
FNDA:1,readability_counts
FN:152,154,main
FNDA:1,main
FNF:6
FNH:6
BRDA:39,0,jump to line 40,1
BRDA:39,0,jump to line 59,1
BRDA:40,0,jump to line 39,1
BRDA:40,0,jump to line 41,1
BRDA:43,0,jump to line 44,1
BRDA:43,0,jump to line 57,1
BRDA:47,0,jump to line 48,1
BRDA:47,0,jump to line 51,1
BRDA:110,0,jump to line 111,1
BRDA:110,0,jump to line 114,0
BRDA:121,0,jump to line 122,1
BRDA:121,0,jump to line 125,0
BRDA:122,0,jump to line 123,1
BRDA:122,0,jump to line 125,1
BRDA:135,0,jump to line 136,1
BRDA:135,0,jump to line 145,0
BRDA:156,0,jump to line 157,0
BRDA:156,0,exit the module,1
BRF:18
BRH:14
end_of_record
